<?xml version="1.0" encoding="UTF-8"?>
<!-- Generated by org.testng.reporters.JUnitReportReporter -->
<testsuite skipped="0" hostname="sudharsan" name="com.Amazon.Test.Scenarios.loginTest" tests="3" failures="0" timestamp="14 Apr 2018 12:59:46 GMT" time="52.936" errors="0">
  <testcase name="isUserAbleToSignoutCorrectly" time="7.817" classname="com.Amazon.Test.Scenarios.loginTest"/>
  <testcase name="isUserCredentialsEnteredCorrectly" time="24.543" classname="com.Amazon.Test.Scenarios.loginTest"/>
  <testcase name="isURLConnected" time="20.576" classname="com.Amazon.Test.Scenarios.loginTest"/>
</testsuite> <!-- com.Amazon.Test.Scenarios.loginTest -->
