<?xml version="1.0" encoding="UTF-8"?>
<!-- Generated by org.testng.reporters.JUnitReportReporter -->
<testsuite skipped="0" hostname="sudharsan" name="com.Amazon.Test.Scenarios.ForgotPasswordTest" tests="2" failures="0" timestamp="22 Apr 2018 14:51:11 GMT" time="62.079" errors="0">
  <testcase name="isURLConnected" time="14.928" classname="com.Amazon.Test.Scenarios.ForgotPasswordTest"/>
  <testcase name="isUserAbleToSigninWhenForgotPassword" time="47.151" classname="com.Amazon.Test.Scenarios.ForgotPasswordTest"/>
</testsuite> <!-- com.Amazon.Test.Scenarios.ForgotPasswordTest -->
