<?xml version="1.0" encoding="UTF-8"?>
<!-- Generated by org.testng.reporters.JUnitReportReporter -->
<testsuite skipped="0" hostname="sudharsan" name="com.Amazon.Test.Scenarios.ShoppingCartTest" tests="4" failures="0" timestamp="26 Apr 2018 15:26:26 GMT" time="135.608" errors="0">
  <testcase name="isCustomerAbleToAddItemToShoppingCart" time="101.276" classname="com.Amazon.Test.Scenarios.ShoppingCartTest"/>
  <testcase name="isUserAbleToClickSign" time="12.143" classname="com.Amazon.Test.Scenarios.ShoppingCartTest"/>
  <testcase name="isURLConnected" time="11.405" classname="com.Amazon.Test.Scenarios.ShoppingCartTest"/>
  <testcase name="isUserCredentialsEnteredCorrectly" time="10.784" classname="com.Amazon.Test.Scenarios.ShoppingCartTest"/>
</testsuite> <!-- com.Amazon.Test.Scenarios.ShoppingCartTest -->
